Extracting 01012010
Extracting 01022010
Extracting 01032010
Extracting 01042010
Extracting 01052010
Extracting 01062010
Extracting 01072010
Extracting 01082010
Extracting 01092010
Extracting 01102010
Extracting 01112010
Extracting 01122010
Extracting 01132010
Extracting 01142010
Extracting 01152010
Extracting 01162010
Extracting 01172010
Extracting 01182010
Extracting 01192010
Extracting 01202010
Extracting 01212010
Extracting 01222010
Extracting 01232010
Extracting 01242010
Extracting 01252010
Extracting 01262010
Extracting 01272010
Extracting 01282010
Extracting 01292010
Extracting 01302010
Extracting 01312010
Extracting 02012010
Extracting 02022010
Extracting 02032010
Extracting 02042010
Extracting 02052010
Extracting 02062010
Extracting 02072010
Extracting 02082010
Extracting 02092010
Extracting 02102010
Extracting 02112010
Extracting 02122010
Extracting 02132010
Extracting 02142010
Extracting 02152010
Extracting 02162010
Extracting 02172010
Extracting 02182010
Extracting 02192010
Extracting 02202010
Extracting 02212010
Extracting 02222010
Extracting 02232010
Extracting 02242010
Extracting 02252010
Extracting 02262010
Extracting 02272010
Extracting 02282010
Extracting 03012010
Extracting 03022010
Extracting 03032010
Extracting 03042010
Extracting 03052010
Extracting 03062010
Extracting 03072010
Extracting 03082010
Extracting 03092010
Extracting 03102010
Extracting 03112010
Extracting 03122010
Extracting 03132010
Extracting 03142010
Extracting 03152010
Extracting 03162010
Extracting 03172010
Extracting 03182010
Extracting 03192010
Extracting 03202010
Extracting 03212010
Extracting 03222010
Extracting 03232010
Extracting 03242010
Extracting 03252010
Extracting 03262010
Extracting 03272010
Extracting 03282010
Extracting 03292010
Extracting 03302010
Extracting 03312010
Extracting 04012010
Extracting 04022010
Extracting 04032010
Extracting 04042010
Extracting 04052010
Extracting 04062010
Extracting 04072010
Extracting 04082010
Extracting 04092010
Extracting 04102010
Extracting 04112010
Extracting 04122010
Extracting 04132010
Extracting 04142010
Extracting 04152010
Extracting 04162010
Extracting 04172010
Extracting 04182010
Extracting 04192010
Extracting 04202010
Extracting 04212010
Extracting 04222010
Extracting 04232010
Extracting 04242010
Extracting 04252010
Extracting 04262010
Extracting 04272010
Extracting 04282010
Extracting 04292010
Extracting 04302010
Extracting 05012010
Extracting 05022010
Extracting 05032010
Extracting 05042010
Extracting 05052010
Extracting 05062010
Extracting 05072010
Extracting 05082010
Extracting 05092010
Extracting 05102010
Extracting 05112010
Extracting 05122010
Extracting 05132010
Extracting 05142010
Extracting 05152010
Extracting 05162010
Extracting 05172010
Extracting 05182010
Extracting 05192010
Extracting 05202010
Extracting 05212010
Extracting 05222010
Extracting 05232010
Extracting 05242010
Extracting 05252010
Extracting 05262010
Extracting 05272010
Extracting 05282010
Extracting 05292010
Extracting 05302010
Extracting 05312010
Extracting 06012010
Extracting 06022010
Extracting 06032010
Extracting 06042010
Extracting 06052010
Extracting 06062010
Extracting 06072010
Extracting 06082010
Extracting 06092010
Extracting 06102010
Extracting 06112010
Extracting 06122010
Extracting 06132010
Extracting 06142010
Extracting 06152010
Extracting 06162010
Extracting 06172010
Extracting 06182010
Extracting 06192010
Extracting 06202010
Extracting 06212010
Extracting 06222010
Extracting 06232010
Extracting 06242010
Extracting 06252010
Extracting 06262010
Extracting 06272010
Extracting 06282010
Extracting 06292010
Extracting 06302010
Extracting 07012010
Extracting 07022010
Extracting 07032010
Extracting 07042010
Extracting 07052010
Extracting 07062010
Extracting 07072010
Extracting 07082010
Extracting 07092010
Extracting 07102010
Extracting 07112010
Extracting 07122010
Extracting 07132010
Extracting 07142010
Extracting 07152010
Extracting 07162010
Extracting 07172010
Extracting 07182010
Extracting 07192010
Extracting 07202010
Extracting 07212010
Extracting 07222010
Extracting 07232010
Extracting 07242010
Extracting 07252010
Extracting 07262010
Extracting 07272010
Extracting 07282010
Extracting 07292010
Extracting 07302010
Extracting 07312010
Extracting 08012010
Extracting 08022010
Extracting 08032010
Extracting 08042010
Extracting 08052010
Extracting 08062010
Extracting 08072010
Extracting 08082010
Extracting 08092010
Extracting 08102010
Extracting 08112010
Extracting 08122010
Extracting 08132010
Extracting 08142010
Extracting 08152010
Extracting 08162010
Extracting 08172010
Extracting 08182010
Extracting 08192010
Extracting 08202010
Extracting 08212010
Extracting 08222010
Extracting 08232010
Extracting 08242010
Extracting 08252010
Extracting 08262010
Extracting 08272010
Extracting 08282010
Extracting 08292010
Extracting 08302010
Extracting 08312010
Extracting 09012010
Extracting 09022010
Extracting 09032010
Extracting 09042010
Extracting 09052010
Extracting 09062010
Extracting 09072010
Extracting 09082010
Extracting 09092010
Extracting 09102010
Extracting 09112010
Extracting 09122010
Extracting 09132010
Extracting 09142010
Extracting 09152010
Extracting 09162010
Extracting 09172010
Extracting 09182010
Extracting 09192010
Extracting 09202010
Extracting 09212010
Extracting 09222010
Extracting 09232010
Extracting 09242010
Extracting 09252010
Extracting 09262010
Extracting 09272010
Extracting 09282010
Extracting 09292010
Extracting 09302010
Extracting 10012010
Extracting 10022010
Extracting 10032010
Extracting 10042010
Extracting 10052010
Extracting 10062010
Extracting 10072010
Extracting 10082010
Extracting 10092010
Extracting 10102010
Extracting 10112010
Extracting 10122010
Extracting 10132010
Extracting 10142010
Extracting 10152010
Extracting 10162010
Extracting 10172010
Extracting 10182010
Extracting 10192010
Extracting 10202010
Extracting 10212010
Extracting 10222010
Extracting 10232010
Extracting 10242010
Extracting 10252010
Extracting 10262010
Extracting 10272010
Extracting 10282010
Extracting 10292010
Extracting 10302010
Extracting 10312010
Extracting 11012010
Extracting 11022010
Extracting 11032010
Extracting 11042010
Extracting 11052010
Extracting 11062010
Extracting 11072010
Extracting 11082010
Extracting 11092010
Extracting 11102010
Extracting 11112010
Extracting 11122010
Extracting 11132010
Extracting 11142010
Extracting 11152010
Extracting 11162010
Extracting 11172010
Extracting 11182010
Extracting 11192010
Extracting 11202010
Extracting 11212010
Extracting 11222010
Extracting 11232010
Extracting 11242010
Extracting 11252010
Extracting 11262010
Extracting 11272010
Extracting 11282010
Extracting 11292010
Extracting 11302010
Extracting 12012010
Extracting 12022010
Extracting 12032010
Extracting 12042010
Extracting 12052010
Extracting 12062010
Extracting 12072010
Extracting 12082010
Extracting 12092010
Extracting 12102010
Extracting 12112010
Extracting 12122010
Extracting 12132010
Extracting 12142010
Extracting 12152010
Extracting 12162010
Extracting 12172010
Extracting 12182010
Extracting 12192010
Extracting 12202010
Extracting 12212010
Extracting 12222010
Extracting 12232010
Extracting 12242010
Extracting 12252010
Extracting 12262010
Extracting 12272010
Extracting 12282010
Extracting 12292010
Extracting 12302010
Extracting 12312010
Extracting 01012011
Extracting 01022011
Extracting 01032011
Extracting 01042011
Extracting 01052011
Extracting 01062011
Extracting 01072011
Extracting 01082011
Extracting 01092011
Extracting 01102011
Extracting 01112011
Extracting 01122011
Extracting 01132011
Extracting 01142011
Extracting 01152011
Extracting 01162011
Extracting 01172011
Extracting 01182011
Extracting 01192011
Extracting 01202011
Extracting 01212011
Extracting 01222011
Extracting 01232011
Extracting 01242011
Extracting 01252011
Extracting 01262011
Extracting 01272011
Extracting 01282011
Extracting 01292011
Extracting 01302011
Extracting 01312011
Extracting 02012011
Extracting 02022011
Extracting 02032011
Extracting 02042011
Extracting 02052011
Extracting 02062011
Extracting 02072011
Extracting 02082011
Extracting 02092011
Extracting 02102011
Extracting 02112011
Extracting 02122011
Extracting 02132011
Extracting 02142011
Extracting 02152011
Extracting 02162011
Extracting 02172011
Extracting 02182011
Extracting 02192011
Extracting 02202011
Extracting 02212011
Extracting 02222011
Extracting 02232011
Extracting 02242011
Extracting 02252011
Extracting 02262011
Extracting 02272011
Extracting 02282011
Extracting 03012011
Extracting 03022011
Extracting 03032011
Extracting 03042011
Extracting 03052011
Extracting 03062011
Extracting 03072011
Extracting 03082011
Extracting 03092011
Extracting 03102011
Extracting 03112011
Extracting 03122011
Extracting 03132011
Extracting 03142011
Extracting 03152011
Extracting 03162011
Extracting 03172011
Extracting 03182011
Extracting 03192011
Extracting 03202011
Extracting 03212011
Extracting 03222011
Extracting 03232011
Extracting 03242011
Extracting 03252011
Extracting 03262011
Extracting 03272011
Extracting 03282011
Extracting 03292011
Extracting 03302011
Extracting 03312011
Extracting 04012011
Extracting 04022011
Extracting 04032011
Extracting 04042011
Extracting 04052011
Extracting 04062011
Extracting 04072011
Extracting 04082011
Extracting 04092011
Extracting 04102011
Extracting 04112011
Extracting 04122011
Extracting 04132011
Extracting 04142011
Extracting 04152011
Extracting 04162011
Extracting 04172011
Extracting 04182011
Extracting 04192011
Extracting 04202011
Extracting 04212011
Extracting 04222011
Extracting 04232011
Extracting 04242011
Extracting 04252011
Extracting 04262011
Extracting 04272011
Extracting 04282011
Extracting 04292011
Extracting 04302011
Extracting 05012011
Extracting 05022011
Extracting 05032011
Extracting 05042011
Extracting 05052011
Extracting 05062011
Extracting 05072011
Extracting 05082011
Extracting 05092011
Extracting 05102011
Extracting 05112011
Extracting 05122011
Extracting 05132011
Extracting 05142011
Extracting 05152011
Extracting 05162011
Extracting 05172011
Extracting 05182011
Extracting 05192011
Extracting 05202011
Extracting 05212011
Extracting 05222011
Extracting 05232011
Extracting 05242011
Extracting 05252011
Extracting 05262011
Extracting 05272011
Extracting 05282011
Extracting 05292011
Extracting 05302011
Extracting 05312011
Extracting 06012011
Extracting 06022011
Extracting 06032011
Extracting 06042011
Extracting 06052011
Extracting 06062011
Extracting 06072011
Extracting 06082011
Extracting 06092011
Extracting 06102011
Extracting 06112011
Extracting 06122011
Extracting 06132011
Extracting 06142011
Extracting 06152011
Extracting 06162011
Extracting 06172011
Extracting 06182011
Extracting 06192011
Extracting 06202011
Extracting 06212011
Extracting 06222011
Extracting 06232011
Extracting 06242011
Extracting 06252011
Extracting 06262011
Extracting 06272011
Extracting 06282011
Extracting 06292011
Extracting 06302011
Extracting 07012011
Extracting 07022011
Extracting 07032011
Extracting 07042011
Extracting 07052011
Extracting 07062011
Extracting 07072011
Extracting 07082011
Extracting 07092011
Extracting 07102011
Extracting 07112011
Extracting 07122011
Extracting 07132011
Extracting 07142011
Extracting 07152011
Extracting 07162011
Extracting 07172011
Extracting 07182011
Extracting 07192011
Extracting 07202011
Extracting 07212011
Extracting 07222011
Extracting 07232011
Extracting 07242011
Extracting 07252011
Extracting 07262011
Extracting 07272011
Extracting 07282011
Extracting 07292011
Extracting 07302011
Extracting 07312011
Extracting 08012011
Extracting 08022011
Extracting 08032011
Extracting 08042011
Extracting 08052011
Extracting 08062011
Extracting 08072011
Extracting 08082011
Extracting 08092011
Extracting 08102011
Extracting 08112011
Extracting 08122011
Extracting 08132011
Extracting 08142011
Extracting 08152011
Extracting 08162011
Extracting 08172011
Extracting 08182011
Extracting 08192011
Extracting 08202011
Extracting 08212011
Extracting 08222011
Extracting 08232011
Extracting 08242011
Extracting 08252011
Extracting 08262011
Extracting 08272011
Extracting 08282011
Extracting 08292011
Extracting 08302011
Extracting 08312011
Extracting 09012011
Extracting 09022011
Extracting 09032011
Extracting 09042011
Extracting 09052011
Extracting 09062011
Extracting 09072011
Extracting 09082011
Extracting 09092011
Extracting 09102011
Extracting 09112011
Extracting 09122011
Extracting 09132011
Extracting 09142011
Extracting 09152011
Extracting 09162011
Extracting 09172011
Extracting 09182011
Extracting 09192011
Extracting 09202011
Extracting 09212011
Extracting 09222011
Extracting 09232011
Extracting 09242011
Extracting 09252011
Extracting 09262011
Extracting 09272011
Extracting 09282011
Extracting 09292011
Extracting 09302011
Extracting 10012011
Extracting 10022011
Extracting 10032011
Extracting 10042011
Extracting 10052011
Extracting 10062011
Extracting 10072011
Extracting 10082011
Extracting 10092011
Extracting 10102011
Extracting 10112011
Extracting 10122011
Extracting 10132011
Extracting 10142011
Extracting 10152011
Extracting 10162011
Extracting 10172011
Extracting 10182011
Extracting 10192011
Extracting 10202011
Extracting 10212011
Extracting 10222011
Extracting 10232011
Extracting 10242011
Extracting 10252011
Extracting 10262011
Extracting 10272011
Extracting 10282011
Extracting 10292011
Extracting 10302011
Extracting 10312011
Extracting 11012011
Extracting 11022011
Extracting 11032011
Extracting 11042011
Extracting 11052011
Extracting 11062011
Extracting 11072011
Extracting 11082011
Extracting 11092011
Extracting 11102011
Extracting 11112011
Extracting 11122011
Extracting 11132011
Extracting 11142011
Extracting 11152011
Extracting 11162011
Extracting 11172011
Extracting 11182011
Extracting 11192011
Extracting 11202011
Extracting 11212011
Extracting 11222011
Extracting 11232011
Extracting 11242011
Extracting 11252011
Extracting 11262011
Extracting 11272011
Extracting 11282011
Extracting 11292011
Extracting 11302011
Extracting 12012011
Extracting 12022011
Extracting 12032011
Extracting 12042011
Extracting 12052011
Extracting 12062011
Extracting 12072011
Extracting 12082011
Extracting 12092011
Extracting 12102011
Extracting 12112011
Extracting 12122011
Extracting 12132011
Extracting 12142011
Extracting 12152011
Extracting 12162011
Extracting 12172011
Extracting 12182011
Extracting 12192011
Extracting 12202011
Extracting 12212011
Extracting 12222011
Extracting 12232011
Extracting 12242011
Extracting 12252011
Extracting 12262011
Extracting 12272011
Extracting 12282011
Extracting 12292011
Extracting 12302011
Extracting 12312011
Extracting 01012012
Extracting 01022012
Extracting 01032012
Extracting 01042012
Extracting 01052012
Extracting 01062012
Extracting 01072012
Extracting 01082012
Extracting 01092012
Extracting 01102012
Extracting 01112012
Extracting 01122012
Extracting 01132012
Extracting 01142012
Extracting 01152012
Extracting 01162012
Extracting 01172012
Extracting 01182012
Extracting 01192012
Extracting 01202012
Extracting 01212012
Extracting 01222012
Extracting 01232012
Extracting 01242012
Extracting 01252012
Extracting 01262012
Extracting 01272012
Extracting 01282012
Extracting 01292012
Extracting 01302012
Extracting 01312012
Extracting 02012012
Extracting 02022012
Extracting 02032012
Extracting 02042012
Extracting 02052012
Extracting 02062012
Extracting 02072012
Extracting 02082012
Extracting 02092012
Extracting 02102012
Extracting 02112012
Extracting 02122012
Extracting 02132012
Extracting 02142012
Extracting 02152012
Extracting 02162012
Extracting 02172012
Extracting 02182012
Extracting 02192012
Extracting 02202012
Extracting 02212012
Extracting 02222012
Extracting 02232012
Extracting 02242012
Extracting 02252012
Extracting 02262012
Extracting 02272012
Extracting 02282012
Extracting 02292012
Extracting 03012012
Extracting 03022012
Extracting 03032012
Extracting 03042012
Extracting 03052012
Extracting 03062012
Extracting 03072012
Extracting 03082012
Extracting 03092012
Extracting 03102012
Extracting 03112012
Extracting 03122012
Extracting 03132012
Extracting 03142012
Extracting 03152012
Extracting 03162012
Extracting 03172012
Extracting 03182012
Extracting 03192012
Extracting 03202012
Extracting 03212012
Extracting 03222012
Extracting 03232012
Extracting 03242012
Extracting 03252012
Extracting 03262012
Extracting 03272012
Extracting 03282012
Extracting 03292012
Extracting 03302012
Extracting 03312012
Extracting 04012012
Extracting 04022012
Extracting 04032012
Extracting 04042012
Extracting 04052012
Extracting 04062012
Extracting 04072012
Extracting 04082012
Extracting 04092012
Extracting 04102012
Extracting 04112012
Extracting 04122012
Extracting 04132012
Extracting 04142012
Extracting 04152012
Extracting 04162012
Extracting 04172012
Extracting 04182012
Extracting 04192012
Extracting 04202012
Extracting 04212012
Extracting 04222012
Extracting 04232012
Extracting 04242012
Extracting 04252012
Extracting 04262012
Extracting 04272012
Extracting 04282012
Extracting 04292012
Extracting 04302012
Extracting 05012012
Extracting 05022012
Extracting 05032012
Extracting 05042012
Extracting 05052012
Extracting 05062012
Extracting 05072012
Extracting 05082012
Extracting 05092012
Extracting 05102012
Extracting 05112012
Extracting 05122012
Extracting 05132012
Extracting 05142012
Extracting 05152012
Extracting 05162012
Extracting 05172012
Extracting 05182012
Extracting 05192012
Extracting 05202012
Extracting 05212012
Extracting 05222012
Extracting 05232012
Extracting 05242012
Extracting 05252012
Extracting 05262012
Extracting 05272012
Extracting 05282012
Extracting 05292012
Extracting 05302012
Extracting 05312012
Extracting 06012012
Extracting 06022012
Extracting 06032012
Extracting 06042012
Extracting 06052012
Extracting 06062012
Extracting 06072012
Extracting 06082012
Extracting 06092012
Extracting 06102012
Extracting 06112012
Extracting 06122012
Extracting 06132012
Extracting 06142012
Extracting 06152012
Extracting 06162012
Extracting 06172012
Extracting 06182012
Extracting 06192012
Extracting 06202012
Extracting 06212012
Extracting 06222012
Extracting 06232012
Extracting 06242012
Extracting 06252012
Extracting 06262012
Extracting 06272012
Extracting 06282012
Extracting 06292012
Extracting 06302012
Extracting 07012012
Extracting 07022012
Extracting 07032012
Extracting 07042012
Extracting 07052012
Extracting 07062012
Extracting 07072012
Extracting 07082012
Extracting 07092012
Extracting 07102012
Extracting 07112012
Extracting 07122012
Extracting 07132012
Extracting 07142012
Extracting 07152012
Extracting 07162012
Extracting 07172012
Extracting 07182012
Extracting 07192012
Extracting 07202012
Extracting 07212012
Extracting 07222012
Extracting 07232012
Extracting 07242012
Extracting 07252012
Extracting 07262012
Extracting 07272012
Extracting 07282012
Extracting 07292012
Extracting 07302012
Extracting 07312012
Extracting 08012012
Extracting 08022012
Extracting 08032012
Extracting 08042012
Extracting 08052012
Extracting 08062012
Extracting 08072012
Extracting 08082012
Extracting 08092012
Extracting 08102012
Extracting 08112012
Extracting 08122012
Extracting 08132012
Extracting 08142012
Extracting 08152012
Extracting 08162012
Extracting 08172012
Extracting 08182012
Extracting 08192012
Extracting 08202012
Extracting 08212012
Extracting 08222012
Extracting 08232012
Extracting 08242012
Extracting 08252012
Extracting 08262012
Extracting 08272012
Extracting 08282012
Extracting 08292012
Extracting 08302012
Extracting 08312012
Extracting 09012012
Extracting 09022012
Extracting 09032012
Extracting 09042012
Extracting 09052012
Extracting 09062012
Extracting 09072012
Extracting 09082012
Extracting 09092012
Extracting 09102012
Extracting 09112012
Extracting 09122012
Extracting 09132012
Extracting 09142012
Extracting 09152012
Extracting 09162012
Extracting 09172012
Extracting 09182012
Extracting 09192012
Extracting 09202012
Extracting 09212012
Extracting 09222012
Extracting 09232012
Extracting 09242012
Extracting 09252012
Extracting 09262012
Extracting 09272012
Extracting 09282012
Extracting 09292012
Extracting 09302012
Extracting 10012012
Extracting 10022012
Extracting 10032012
Extracting 10042012
Extracting 10052012
Extracting 10062012
Extracting 10072012
Extracting 10082012
Extracting 10092012
Extracting 10102012
Extracting 10112012
Extracting 10122012
Extracting 10132012
Extracting 10142012
Extracting 10152012
Extracting 10162012
Extracting 10172012
Extracting 10182012
Extracting 10192012
Extracting 10202012
Extracting 10212012
Extracting 10222012
Extracting 10232012
Extracting 10242012
Extracting 10252012
Extracting 10262012
Extracting 10272012
Extracting 10282012
Extracting 10292012
Extracting 10302012
Extracting 10312012
Extracting 11012012
Extracting 11022012
Extracting 11032012
Extracting 11042012
Extracting 11052012
Extracting 11062012
Extracting 11072012
Extracting 11082012
Extracting 11092012
Extracting 11102012
Extracting 11112012
Extracting 11122012
Extracting 11132012
Extracting 11142012
Extracting 11152012
Extracting 11162012
Extracting 11172012
Extracting 11182012
Extracting 11192012
Extracting 11202012
Extracting 11212012
Extracting 11222012
Extracting 11232012
Extracting 11242012
Extracting 11252012
Extracting 11262012
Extracting 11272012
Extracting 11282012
Extracting 11292012
Extracting 11302012
Extracting 12012012
Extracting 12022012
Extracting 12032012
Extracting 12042012
Extracting 12052012
Extracting 12062012
Extracting 12072012
Extracting 12082012
Extracting 12092012
Extracting 12102012
Extracting 12112012
Extracting 12122012
Extracting 12132012
Extracting 12142012
Extracting 12152012
Extracting 12162012
Extracting 12172012
Extracting 12182012
Extracting 12192012
Extracting 12202012
Extracting 12212012
Extracting 12222012
Extracting 12232012
Extracting 12242012
Extracting 12252012
Extracting 12262012
Extracting 12272012
Extracting 12282012
Extracting 12292012
Extracting 12302012
Extracting 12312012
Extracting 01012013
Extracting 01022013
Extracting 01032013
Extracting 01042013
Extracting 01052013
Extracting 01062013
Extracting 01072013
Extracting 01082013
Extracting 01092013
Extracting 01102013
Extracting 01112013
Extracting 01122013
Extracting 01132013
Extracting 01142013
Extracting 01152013
Extracting 01162013
Extracting 01172013
Extracting 01182013
Extracting 01192013
Extracting 01202013
Extracting 01212013
Extracting 01222013
Extracting 01232013
Extracting 01242013
Extracting 01252013
Extracting 01262013
Extracting 01272013
Extracting 01282013
Extracting 01292013
Extracting 01302013
Extracting 01312013
Extracting 02012013
Extracting 02022013
Extracting 02032013
Extracting 02042013
Extracting 02052013
Extracting 02062013
Extracting 02072013
Extracting 02082013
Extracting 02092013
Extracting 02102013
Extracting 02112013
Extracting 02122013
Extracting 02132013
Extracting 02142013
Extracting 02152013
Extracting 02162013
Extracting 02172013
Extracting 02182013
Extracting 02192013
Extracting 02202013
Extracting 02212013
Extracting 02222013
Extracting 02232013
Extracting 02242013
Extracting 02252013
Extracting 02262013
Extracting 02272013
Extracting 02282013
Extracting 03012013
Extracting 03022013
Extracting 03032013
Extracting 03042013
Extracting 03052013
Extracting 03062013
Extracting 03072013
Extracting 03082013
Extracting 03092013
Extracting 03102013
Extracting 03112013
Extracting 03122013
Extracting 03132013
Extracting 03142013
Extracting 03152013
Extracting 03162013
Extracting 03172013
Extracting 03182013
Extracting 03192013
Extracting 03202013
Extracting 03212013
Extracting 03222013
Extracting 03232013
Extracting 03242013
Extracting 03252013
Extracting 03262013
Extracting 03272013
Extracting 03282013
Extracting 03292013
Extracting 03302013
Extracting 03312013
Extracting 04012013
Extracting 04022013
Extracting 04032013
Extracting 04042013
Extracting 04052013
Extracting 04062013
Extracting 04072013
Extracting 04082013
Extracting 04092013
Extracting 04102013
Extracting 04112013
Extracting 04122013
Extracting 04132013
Extracting 04142013
Extracting 04152013
