<a class="page" href="/finanzas/?page=50">50</a>
http://www.elfinancierocr.com/finanzas/Rodrigo_Bolanos-IPC-inflacion-economia-BCCR_0_281971804.html
http://www.elfinancierocr.com/finanzas/Rodrigo_Bolanos-BCCR-Sugef-obligaciones_con_entidades_financieras_del_exterior-banca_publica-banca_privada_0_280172005.html
http://www.elfinancierocr.com/finanzas/Fondos_de_pensiones-pensiones_voluntarias-Supen-operadoras_de_pensiones_0_280172006.html
http://www.elfinancierocr.com/finanzas/BCCR-PIB-CAmbio_de_Ano_Base-Ministerio_de_Hacienda-INEC_0_280172007.html
http://www.elfinancierocr.com/finanzas/evasion_fiscal-Europa-Union_Europea_0_280771921.html
http://www.elfinancierocr.com/finanzas/ICE-utilidades-ganancias-telefonia-electricidad-emisores_0_280171992.html
http://www.elfinancierocr.com/finanzas/Evertec-bolsa-ATH-cajeros_automaticos-transacciones_electronicas_0_280171989.html
http://www.elfinancierocr.com/finanzas/rescate-Chipre-Irlanda-Portugal-Eurogrupo_0_280171986.html
http://www.elfinancierocr.com/finanzas/deficit_fiscal-Hacienda-gastos-ingresos_0_280171985.html
http://www.elfinancierocr.com/finanzas/IMAE-BCCR-actividad_economica_0_278972116.html
http://www.elfinancierocr.com/finanzas/Obama-presupuesto-criticado-opositores-Congreso_0_278972113.html
http://www.elfinancierocr.com/finanzas/clientes-Banco_Nacional-internet_banking-Tribunal_Contencioso_Administrativo_0_278972112.html
http://www.elfinancierocr.com/finanzas/Zona-sanear-bancos-cerrar-necesario_0_278972106.html
http://www.elfinancierocr.com/finanzas/tarjetas_con_chip-Citi-Lafise-BAC_Credomatic_0_278372177.html
http://www.elfinancierocr.com/finanzas/canje-bonos-BCCR-intercambio_0_278372164.html
http://www.elfinancierocr.com/finanzas/Sugese-permitira-denunciar-finales_0_277772238.html
http://www.elfinancierocr.com/finanzas/Mercado_de_valores-bonos-precios-mercado_secundario_0_277772234.html
http://www.elfinancierocr.com/finanzas/Cuenta_corriente-exportaciones-importaciones-PIB-Banco_Central-BCCR_0_275972422.html
http://www.elfinancierocr.com/finanzas/mercado_de_valores-Bolsa_Nacional_de_Valores-inversiones-bonos-mercado_secundario_0_275972423.html
http://www.elfinancierocr.com/finanzas/ICC-Indice_de_Confianza_del_Consumidor-EF-confianza-Unimer_0_275972424.html
http://www.elfinancierocr.com/finanzas/Hechos-relevantes-mercado-bursatil_0_275972425.html
http://www.elfinancierocr.com/finanzas/Fifco-precio-accion-cerveceria-NAB-resultados_financieros_0_275972409.html
http://www.elfinancierocr.com/finanzas/ICC-Indice_de_Confianza_del_Consumidor-consumidores-Unimer-compras_0_275972405.html
http://www.elfinancierocr.com/finanzas/IPPI-inflacion-BCCR_0_275972403.html
http://www.elfinancierocr.com/finanzas/OCDE-transparencia_fiscal-costa_rica_0_275972402.html
http://www.elfinancierocr.com/finanzas/financiamiento-recursos-inversion-instrumentos-instituciones_financieras_0_275372475.html
http://www.elfinancierocr.com/finanzas/Bancos-aceptaciones_bancarias-credito-Bolsa_Nacional_de_Valores-BNV_0_275372470.html
http://www.elfinancierocr.com/finanzas/Investigacion-internacional-usuarios-paraisos-fiscales_0_275372464.html
http://www.elfinancierocr.com/finanzas/BCE-crisis_euro-instrumentos_0_275372461.html
http://www.elfinancierocr.com/finanzas/Chipre-rescate_financiero-FMI_0_274772522.html
http://www.elfinancierocr.com/finanzas/Estados_Unidos-Facebook-Twitter_0_274172601.html
http://www.elfinancierocr.com/finanzas/bonos-BCCR-canje_0_274172594.html
http://www.elfinancierocr.com/finanzas/Indice-precios-consumidor-marzo_0_274172582.html
http://www.elfinancierocr.com/finanzas/Nasdaq-Bonos_del_Tesoro-Thomson_Reuters_0_274172581.html
http://www.elfinancierocr.com/finanzas/riesgos-divisas-Banco_Central-Latinoamerica-Fondo_Latinoamericano_de_Reservas_0_273572652.html
http://www.elfinancierocr.com/finanzas/Sugese-seguros-mercado-primas-polizas_0_273572644.html
http://www.elfinancierocr.com/finanzas/deficit-cuenta_corriente-2012-inversion_extranjera_directa_0_273572643.html
http://www.elfinancierocr.com/finanzas/PIB-2012-trimestre-servicios-industria-banca_0_273572641.html
http://www.elfinancierocr.com/finanzas/dolar-tipo_de_cambio-BCCR-Monex-capital_golondrina-control_de_capitales_0_270572955.html
http://www.elfinancierocr.com/finanzas/Ana_Maria_Carrasquilla-FLAR-Fondo_Latinoamericano_de_Reservas-reservas_monetarias_internacionales_0_270572956.html
http://www.elfinancierocr.com/finanzas/Ministerio_de_Hacienda-BCCR-ventanilla_electronica-bonos-mercado_de_valore_0_270572957.html
http://www.elfinancierocr.com/finanzas/polizas-seguros-siniestros-Sugese_0_270572941.html
http://www.elfinancierocr.com/finanzas/Tasa_Basica_Pasiva-tasa_basica-BCCR-intereses-rendimientos_0_269973012.html
http://www.elfinancierocr.com/finanzas/UE-busca-millones-adicionales_0_270572946.html
http://www.elfinancierocr.com/finanzas/Fitch-riesgo_AAA-ICE-Costa_Rica-El_Salvador_0_269973010.html
http://www.elfinancierocr.com/finanzas/deficit_fiscal-Hacienda-Programa_de_Estudios_Fiscales-UNA-impuestos_0_269973005.html
http://www.elfinancierocr.com/finanzas/Chipre-Grecia-Banco_del_Pireo_0_269973004.html
http://www.elfinancierocr.com/finanzas/BRICS-banco_de_desarrollo-Brasil-Rusia-India-China-Sudafrica_0_269973001.html
http://www.elfinancierocr.com/finanzas/credito-sector_privado-bancos_0_269373071.html
http://www.elfinancierocr.com/finanzas/ICE-emisiones-bonos_internacionales-mercado_de_valores_0_269373068.html
http://www.elfinancierocr.com/finanzas/Bankia-finanzas-Espana-S-P_0_269373061.html
http://www.elfinancierocr.com/finanzas/Dow_Jones-EEUU-Banco_de_la_Reserva_Federal_de_Estados_Unidos_0_267573257.html
http://www.elfinancierocr.com/finanzas/bienes_adjudicados-Banco_Nacional-Banco_de_Costa_Rica-Banco_Popular-BAC_San_Jose-Scotiabank-Bancredito_0_267573258.html
http://www.elfinancierocr.com/finanzas/fondos_de_inversion-mercado_de_valores-inversiones-carteras-activos_0_267573259.html
http://www.elfinancierocr.com/finanzas/seguros-Sugese-INS-utilidades-ganancias-Instituto_Nacional_de_Seguros_0_267573260.html
http://www.elfinancierocr.com/finanzas/Recope-mercado_de_valores-bonos-emisiones-subastas_0_267573247.html
http://www.elfinancierocr.com/finanzas/BID-BAC_San_Jose-Credomatic-premio-educacion_financiera_0_267573241.html
http://www.elfinancierocr.com/finanzas/deficit_comercial-balanza_comercial-exportaciones-importaciones-BCCR_0_266973305.html
http://www.elfinancierocr.com/finanzas/Reserva_Federal-prevision-crecimiento-Estados_Unidos_0_266373370.html
http://www.elfinancierocr.com/finanzas/Fifco-Florida_Ice_-_Farm-accion-precio-mercado_de_valores-cerveceria_0_265773426.html
http://www.elfinancierocr.com/finanzas/tipo_de_cambio-dolar-cadexco-Monica_Segnini-flotacion_administrada-bandas_cambiarias_0_265773422.html
http://www.elfinancierocr.com/finanzas/Fifco-Florida_Ice_-_Farm-accion-precio-mercado_de_valores_0_265173490.html
http://www.elfinancierocr.com/finanzas/control_de_capitales-capital_golondrina-FMI-BCCR-Ministerio_de_Hacienda_0_263373701.html
http://www.elfinancierocr.com/finanzas/puestos_de_bolsa-mercado_de_valores-ranking-2012_0_263373677.html
http://www.elfinancierocr.com/finanzas/CNFL-emisores-energia-resultados_financieros-utilidades_0_263373678.html
http://www.elfinancierocr.com/finanzas/Hacienda-valores-subasta_inversa-puesto_de_bolsa_0_263373667.html
http://www.elfinancierocr.com/finanzas/Indice_de_Confianza_del_Consumidor-Unimer-viviendas-vehiculos-bienes_durables_0_263373665.html
http://www.elfinancierocr.com/finanzas/IMAE-BCCR-Banco_Central-actividad_economica-enero_0_262773735.html
http://www.elfinancierocr.com/finanzas/consumidor-Banco_Nacional-Tasa_Basica_Pasiva-credito-hotel_Gaia-Libor_0_262773733.html
http://www.elfinancierocr.com/finanzas/Instituto_Nacional_de_Seguros-INS-seguros-aseguradoras-Sugese_0_262773722.html
http://www.elfinancierocr.com/finanzas/seguros-polizas-ingreso-primas-INS_0_262173792.html
http://www.elfinancierocr.com/finanzas/Seguros-aseguradoras-mercado_de_seguros-Sagicor-Carlos_Ortiz_0_262173783.html
http://www.elfinancierocr.com/finanzas/Deficit_fiscal-Costa_Rica-Edgar_Ayales-Ministerio_de_Hacienda_0_261573851.html
http://www.elfinancierocr.com/finanzas/Combustibles-gasolina-precios-diesel-indice_0_260973913.html
http://www.elfinancierocr.com/finanzas/Bolsa_Nacional_de_Valores-BNV-aceptaciones_bancarias-bancos-credito_0_260973901.html
http://www.elfinancierocr.com/finanzas/liberalizacion_de_precios-desregulacion-inflacion-Aresep-MEIC_0_259174101.html
http://www.elfinancierocr.com/finanzas/Hacienda-Tesoreria_Nacional-bonos-instituciones_publicas_0_259174100.html
http://www.elfinancierocr.com/finanzas/ICC-confianza-consumidores-Indice_de_Confianza_del_Consumidor-expectativas_0_259174102.html
http://www.elfinancierocr.com/finanzas/Sugeval-mercado_de_valores-Interbolsa-sanciones_0_259174095.html
http://www.elfinancierocr.com/finanzas/IPPI-Banco_Central-inflacion-precios-industria_0_259174094.html
http://www.elfinancierocr.com/finanzas/Ministerio_de_Hacienda-eurobonos-deuda_externa-bonos_0_259174090.html
http://www.elfinancierocr.com/finanzas/Banco_Popular-subastas-Panama-bonos_0_259174081.html
http://www.elfinancierocr.com/finanzas/ROPC-FCL-operadoras_de_pensiones_0_259174084.html
http://www.elfinancierocr.com/finanzas/Fitch-Recope-Costa_Rica-El_Salvador_0_259174082.html
http://www.elfinancierocr.com/finanzas/Fed-pruebas-bancos_0_258574151.html
http://www.elfinancierocr.com/finanzas/Junta_de_Pensiones-Magisterio_Nacional-creditos_0_258574150.html
http://www.elfinancierocr.com/finanzas/Wall_Street-Dow_Jones-Estados_Unidos-economia_0_258574149.html
http://www.elfinancierocr.com/finanzas/FMI-Naoyuki_Shinohara-Costa_Rica-deficit_fiscal-capital_golondrina_0_258574143.html
http://www.elfinancierocr.com/finanzas/FMI-Naoyuki_Shinoara-Costa_Rica-economia-deficit_fiscal_0_258574142.html
http://www.elfinancierocr.com/finanzas/seguro-depositos_bancarios-Patricia_Perez-Comision_de_Asuntos_Economicos_0_257974212.html
http://www.elfinancierocr.com/finanzas/Fitch-BAC_San_Jose-calificacion_de_riesgo-AAA_0_257974218.html
http://www.elfinancierocr.com/finanzas/rentabilidad-pensiones_complementarias-ROPC_0_257974210.html
http://www.elfinancierocr.com/finanzas/Dow_Jones-Wall_Street-Bolsa_Nueva_York-Estados_Unidos_0_257974205.html
http://www.elfinancierocr.com/finanzas/pension_voluntaria-impuesto_sobre_la_renta-Tributacion-Tribunal_Fiscal_Administrativo_0_257374273.html
http://www.elfinancierocr.com/finanzas/Bancos-Bolsa_de_Valores-Aceptaciones_bancarias-Creditos-BNV_0_257374267.html
http://www.elfinancierocr.com/finanzas/Bancos-credito-limite-tasas-dolares-Camara_de_Comercio_0_257374271.html
http://www.elfinancierocr.com/finanzas/bonos-Gobierno-tasa_fija_0_257374269.html
http://www.elfinancierocr.com/finanzas/IPC-Banco_Central-inflacion-precios_0_256774331.html
http://www.elfinancierocr.com/finanzas/Sugeval-desinscripcion-Grupo_Interbolsa_0_256774324.html
http://www.elfinancierocr.com/finanzas/IPC-inflacion-BCCR-INEC_0_256774323.html
http://www.elfinancierocr.com/finanzas/Ministerio_de_Hacienda-bonos-titulos-mercado_de_valores-subastas_0_254974538.html
http://www.elfinancierocr.com/finanzas/deudores-clasificacion_de_riesgo_0_254974514.html
http://www.elfinancierocr.com/finanzas/seguros-aseguradoras-Sugese-provisiones_tecnicas-reservas_0_254974516.html
http://www.elfinancierocr.com/finanzas/FMI-dolar-tipo_de_cambio_0_254974508.html
http://www.elfinancierocr.com/finanzas/OCDE-fiscal-transparencia-Hacienda-Comex_0_254974507.html
http://www.elfinancierocr.com/finanzas/INS-Instituto_Nacional_de_Seguros-calificacion-Fitch_0_254974504.html
http://www.elfinancierocr.com/finanzas/Estados_Unidos-endeudamiento-hogares-Reserva_Federal_0_254374572.html
http://www.elfinancierocr.com/finanzas/mutual-centro_de_datos-Grupo_Mutual_0_254374570.html
http://www.elfinancierocr.com/finanzas/netbanking-Sinpe-Banco_Central-transacciones_bancarias_0_254374563.html
http://www.elfinancierocr.com/finanzas/pensiones-Supen-ROPC-utilidades_0_254374564.html
http://www.elfinancierocr.com/finanzas/capital_golondrina-capitales_extranjeros-Banco_Central_0_253774626.html
http://www.elfinancierocr.com/finanzas/pensiones-OPC-riesgos_operativos_0_253774632.html
http://www.elfinancierocr.com/finanzas/capital_golondrina-Comision_de_Hacendarios-capitales_extranjeros_0_253774631.html
http://www.elfinancierocr.com/finanzas/Academia-armas-controlar-capitales-cumplen-objetivos_0_253174694.html
http://www.elfinancierocr.com/finanzas/Proyecto-control-capitales_extranjeros-Comision-Hacendarios_0_253174690.html
http://www.elfinancierocr.com/finanzas/operadoras_de_pensiones-Supen_0_253174691.html
http://www.elfinancierocr.com/finanzas/Ministerio_de_Hacienda-subastas-bonos-mercado_de_valores_0_252574749.html
http://www.elfinancierocr.com/finanzas/tasas_de_interes-BCCR-Ministerio_de_Hacienda-inflacion_0_250774931.html
http://www.elfinancierocr.com/finanzas/Bonos_del_Tesoro-rendimientos-inversiones-Estados_Unidos_0_250774932.html
http://www.elfinancierocr.com/finanzas/fondos_inmobiliarios-fondos-tasas_de_interes-rendimientos-mercado_inmobiliario_0_250774933.html
http://www.elfinancierocr.com/finanzas/Fifco-accion-mercado_de_valores-precio-NAB_0_250174994.html
http://www.elfinancierocr.com/finanzas/Deficit-comercial-enero-2013_0_250174991.html
http://www.elfinancierocr.com/finanzas/BID-desembolsara-millones-Centroamerica_0_250174987.html
http://www.elfinancierocr.com/finanzas/Sagicor-seguros-mercado-polizas_0_250174988.html
http://www.elfinancierocr.com/finanzas/Ad_Astra-precio-accion-mercado_de_valores-motor_de_plasma_0_250174985.html
http://www.elfinancierocr.com/finanzas/Caja-Ande-suspencion-creditos-tope-Banco_Central_0_249575056.html
http://www.elfinancierocr.com/finanzas/Hacienda-bonos-primer_semestre_2013-deuda_0_249575043.html
http://www.elfinancierocr.com/finanzas/tarjetas_de_credito-Visa-PIB_0_248975101.html
http://www.elfinancierocr.com/finanzas/tarjetas-credito-debito-BCCR_0_248975103.html
http://www.elfinancierocr.com/finanzas/HSBC-Centroamerica-venta-Panama-Bancolombia_0_248975102.html
http://www.elfinancierocr.com/finanzas/Tope-credito-Fitch-calificacion_de_riesgo_0_248375172.html
http://www.elfinancierocr.com/finanzas/Sugef-deudores-prestamos-reservas-bancos_0_247175281.html
http://www.elfinancierocr.com/finanzas/Bomberos-impuestos_0_246575360.html
http://www.elfinancierocr.com/finanzas/OPC-pensiones-rendimientos-Supen-ROP_0_246575361.html
http://www.elfinancierocr.com/finanzas/Fatca-IRS-Estados_Unidos-leyes_0_246575362.html
http://www.elfinancierocr.com/finanzas/Pago-deuda-resultados_fiscales-Hacienda_0_245975404.html
http://www.elfinancierocr.com/finanzas/Sugese-Assist_Card-seguros-demanda_0_245975403.html
http://www.elfinancierocr.com/finanzas/Fifco-NAB-accion-precio-compra_0_245375467.html
http://www.elfinancierocr.com/finanzas/Asamblea-Banco-Popular-reclama-directiva_0_244775530.html
http://www.elfinancierocr.com/finanzas/ICC-confianza-compras-electrodomesticos-pesimismo_0_244775529.html
http://www.elfinancierocr.com/finanzas/Actividad-economica-diciembre-IMAE_0_244175585.html
http://www.elfinancierocr.com/finanzas/dolar-Rodrigo_Bolanos-BCCR-bandas_cambiarias-flotacion_del_dolar_0_242375785.html
http://www.elfinancierocr.com/finanzas/indice_de_confianza_del_consumidor-economia_0_242375787.html
http://www.elfinancierocr.com/finanzas/seguros-sugese_0_242375788.html
http://www.elfinancierocr.com/finanzas/prestamos-bancos-credito_0_242375786.html
http://www.elfinancierocr.com/finanzas/pensiones-libre_transferencia-operadoras-Supen_0_242375776.html
http://www.elfinancierocr.com/economia-y-politica/Fitch-calificacion-Gobierno-Costa-Rica_0_241775832.html
http://www.elfinancierocr.com/finanzas/Camara-Bancos-proyecto-capitales-golondrina_0_241775827.html
http://www.elfinancierocr.com/finanzas/Cathay-credito-crecimiento-limites_0_241775821.html
http://www.elfinancierocr.com/finanzas/Precios-productor-industrial-incremento-enero-2013_0_241175881.html
http://www.elfinancierocr.com/finanzas/Conassif-Sugese-Silvia_Canales-intendente_0_240575962.html
http://www.elfinancierocr.com/finanzas/Sugef-deudores-bancos-regulacion-medidas_prudenciales_0_240575956.html
http://www.elfinancierocr.com/finanzas/empresarios-apoyan-IVA-Uccaep_0_240575954.html
http://www.elfinancierocr.com/finanzas/Western_Union-remesas-prepago_0_240575955.html
http://www.elfinancierocr.com/finanzas/Petrobras-Brasil-ganancias_0_240575952.html
http://www.elfinancierocr.com/finanzas/pensiones_voluntarias-impuesto_de_renta_0_240575950.html
http://www.elfinancierocr.com/finanzas/Gobierno-EEUU-presenta-Standard-Poors_0_240575942.html
http://www.elfinancierocr.com/finanzas/Central-Directo-tasas_de_interes-BCCR_0_239976001.html
http://www.elfinancierocr.com/finanzas/Gobierno-britanico-presenta-reforma-bancaria_0_239976008.html
http://www.elfinancierocr.com/finanzas/Inflacion-IPC-precios-INEC_0_239976003.html
http://www.elfinancierocr.com/finanzas/Exoneraciones-impuestos-Ministerio_de_Hacienda_0_238176211.html
http://www.elfinancierocr.com/finanzas/exoneraciones-reforma_fiscal-Ministerio_Hacienda_0_238176215.html
http://www.elfinancierocr.com/finanzas/Inversiones-rendimientos-tasas_de_interes_0_238176213.html
http://www.elfinancierocr.com/finanzas/Banco_Central-ingreso_de_capital_extranjero_0_238776121.html
http://www.elfinancierocr.com/finanzas/Dolar-tipo_de_cambio-febrero-2013_0_238176197.html
http://www.elfinancierocr.com/finanzas/Supen-pensiones-multifondos-fondos_de_pensiones-OPC_0_238176182.html
http://www.elfinancierocr.com/finanzas/Economistas-Programa_Macroeconomico-BCCR_0_238176185.html
http://www.elfinancierocr.com/finanzas/Holanda-nacionaliza-dificultades-SNS-Reaal_0_238176181.html
http://www.elfinancierocr.com/finanzas/Hacienda-bono-deuda-externa-eurobonos_0_237576249.html
http://www.elfinancierocr.com/finanzas/BCCR-Programa_Macroeconomico-analisis-politica_monetaria_0_237576246.html
http://www.elfinancierocr.com/finanzas/BCCR-PIB-inflacion-metas-2013-Programa_Macroeconomico_0_236976309.html
http://www.elfinancierocr.com/finanzas/Banco_Central-topes-credito-bancos_0_237576243.html
http://www.elfinancierocr.com/finanzas/Banco-Central-anunciaria-adicionales-monetaria_0_236976315.html
http://www.elfinancierocr.com/finanzas/Mercado-seguros-crecimiento-INS-Sugese_0_236376363.html
http://www.elfinancierocr.com/finanzas/Estados_Unidos-economia-contraccion_0_236976307.html
http://www.elfinancierocr.com/finanzas/impuesto_a_sociedades-BCR_0_236976301.html
http://www.elfinancierocr.com/finanzas/BAC-bonos-Panama-emision_0_236376368.html
http://www.elfinancierocr.com/finanzas/Dolar-piso-tipo_de_cambio-banda_cambiaria_0_235776432.html
http://www.elfinancierocr.com/finanzas/MasterCard-tarjetas_con_chip-Costa_Rica_0_235776427.html
http://www.elfinancierocr.com/finanzas/Edgar_Ayales-reforma_fiscal-impuestos_0_233976623.html
http://www.elfinancierocr.com/finanzas/Edgar_Ayales-reforma_fiscal-deficit_fiscal-gasto_publico-salarios_0_233976624.html
http://www.elfinancierocr.com/finanzas/Edgar_Ayales-deficit_fiscal_0_233976625.html
http://www.elfinancierocr.com/finanzas/programa-macroeconomico-meta-inflacion-BCCR_0_233976626.html
http://www.elfinancierocr.com/finanzas/remesas-Costa_Rica-EE-_UU-Nicaragua_0_232776723.html
http://www.elfinancierocr.com/finanzas/Pensiones-CCSS_0_233976621.html
http://www.elfinancierocr.com/finanzas/Ronulfo_Jimenez-capitales_extranjeros-Costa_Rica_0_233976613.html
http://www.elfinancierocr.com/finanzas/Dolar-valor-mantiene-terreno-ganado-Monex-BCCR_0_233976611.html
http://www.elfinancierocr.com/finanzas/Exxon_Mobil-Apple-acciones-EE-UU_0_233976610.html
http://www.elfinancierocr.com/finanzas/Sala_Constitucional-seguros-aseguradoras-Defensoria_de_los_Habitantes-Sugese_0_233976606.html
http://www.elfinancierocr.com/finanzas/Hacienda-pagar-millones-enero-vencimiento_0_233976605.html
http://www.elfinancierocr.com/finanzas/impuesto_a_sociedades-BCR-horarios_0_233976602.html
http://www.elfinancierocr.com/finanzas/Vicepresidente-Liberman-defendio-desestimular-capitales_0_232776733.html
http://www.elfinancierocr.com/finanzas/tipo_de_cambio-aumento-tres_dias_0_232776732.html
http://www.elfinancierocr.com/finanzas/Tasa-Basica-Pasiva-volvera-bajar_0_232776728.html
http://www.elfinancierocr.com/finanzas/FMI-ligeramente-prevision-crecimiento-mundial_0_232776724.html
http://www.elfinancierocr.com/finanzas/Videochat-impacto-ingreso-capitales-extranjeros_0_232776721.html
http://www.elfinancierocr.com/finanzas/Deficit-comercial-crecio_0_232176789.html
http://www.elfinancierocr.com/finanzas/UE-aprueba-tasar-transacciones-financieras_0_232176787.html
http://www.elfinancierocr.com/finanzas/Tasas-interes-Central-Directo-tijera_0_231576850.html
http://www.elfinancierocr.com/finanzas/Proyecto-control-capitales-Cuesta-Moras_0_231576848.html
http://www.elfinancierocr.com/finanzas/control-capitales-flanco-abierto_0_229777037.html
http://www.elfinancierocr.com/finanzas/bancos-renuevan-corazon-tecnologico_0_229777046.html
http://www.elfinancierocr.com/finanzas/mercado-ve-pasar-capitales_0_229777063.html
http://www.elfinancierocr.com/finanzas/baja-inflacion-nicaragua_0_229777058.html
http://www.elfinancierocr.com/finanzas/Dolar-aferra-limite-inferior-cambiaria_0_229777045.html
http://www.elfinancierocr.com/finanzas/dolar-capitales-sector_productivo-Uccaep_0_229177090.html
http://www.elfinancierocr.com/finanzas/Hacienda-dinero-eurobonos-disminuir-interes_0_229177092.html
http://www.elfinancierocr.com/finanzas/Banco-Popular-disminuyo-utilidades_0_229177083.html
http://www.elfinancierocr.com/finanzas/Deficit-Gobierno-alcanzo-PIB_0_229177081.html
http://www.elfinancierocr.com/finanzas/Medidas-controlar-capitales-podrian-quedarse_0_228577148.html
http://www.elfinancierocr.com/finanzas/Tasa-Basica-Pasiva-reacciona-mercado_0_228577144.html
http://www.elfinancierocr.com/finanzas/Bancos-ganancias-2012_0_228577147.html
http://www.elfinancierocr.com/finanzas/banco-mundial-pronostica-economia-crecera_0_228577143.html
http://www.elfinancierocr.com/finanzas/Tributacion-extendio-impuesto-casas-miercoles_0_227977215.html
http://www.elfinancierocr.com/finanzas/Impuesto-casas-lujo_0_227977213.html
http://www.elfinancierocr.com/finanzas/Subastas-Hacienda-baja-rendimientos_0_227977214.html
http://www.elfinancierocr.com/finanzas/Presidenta-directriz-controlar-ingreso-capitales_0_227977208.html
http://www.elfinancierocr.com/finanzas/Sector-coordina-esfuerzos-reducir-interes_0_227977205.html
http://www.elfinancierocr.com/finanzas/Combustibles-cerraron-descenso-real_0_227377264.html
http://www.elfinancierocr.com/finanzas/Hogares-compraran-menos-icc_0_225577474.html
http://www.elfinancierocr.com/finanzas/ISI-PIC-inflacion-BCCR_0_225577479.html
http://www.elfinancierocr.com/finanzas/expectativas-moderadas-icc-consumo_0_225577475.html
http://www.elfinancierocr.com/finanzas/Fondos-Banhvi-creceran-poco_0_225577480.html
http://www.elfinancierocr.com/finanzas/Tarjetas-competiran-valor-agregado_0_225577455.html
http://www.elfinancierocr.com/finanzas/Actividad-economica-alarga-perdida-dinamismo_0_225577464.html
http://www.elfinancierocr.com/finanzas/Gobierno-consulta-capitales-extranjeros-productivo_0_225577457.html
http://www.elfinancierocr.com/finanzas/contraccion-consumo-ICC_0_225577448.html
http://www.elfinancierocr.com/finanzas/Banco_Nacional-resultados-2012-ganancias_0_224977508.html
http://www.elfinancierocr.com/finanzas/Monex-transacciones-dolar-Banco_Central_0_224377570.html
http://www.elfinancierocr.com/finanzas/Tasa-Basica-bajar-bccr_0_224377567.html
http://www.elfinancierocr.com/finanzas/Banhvi-dispone-millones-bonos_0_224377568.html
http://www.elfinancierocr.com/finanzas/Presidenta-frenar-entrada-capitales-especulativos_0_223777627.html
http://www.elfinancierocr.com/finanzas/Precios-productor-industrial-desaceleran-crecimiento_0_223777626.html
http://www.elfinancierocr.com/finanzas/Gobierno-Central-destinara-millones-escolar_0_223777622.html
http://www.elfinancierocr.com/finanzas/ICC-2012-anual-consumidores_0_221377877.html
http://www.elfinancierocr.com/finanzas/crecimiento-credito-sector_privado-TBP_0_221377878.html
http://www.elfinancierocr.com/finanzas/bolsa-mercado_de_valores-resultados_2012_0_221377879.html
http://www.elfinancierocr.com/finanzas/tipo_de_cambio-dolar-Monex_0_221377872.html
http://www.elfinancierocr.com/finanzas/Diciembre-trajo-crecimiento-IPC_0_220777923.html
http://www.elfinancierocr.com/finanzas/Bancredito-gerente-renuncia-10_anos_0_220777922.html
http://www.elfinancierocr.com/finanzas/tipo_de_cambio-dolar-2_de_enero-2013_0_220177989.html
http://www.elfinancierocr.com/finanzas/Tasa-Basica-Pasiva-indicador_0_211778832.html
http://www.elfinancierocr.com/finanzas/Impuesto-sociedades-casas-deberan-cancelarse_0_220177984.html
http://www.elfinancierocr.com/finanzas/dolar-tipo_de_cambio-2012_0_220177983.html
http://www.elfinancierocr.com/finanzas/expectativas-economia-2013-pronosticos-produccion_0_212978734.html
http://www.elfinancierocr.com/finanzas/pronostico-2013-encuesta-economistas_0_212978735.html
http://www.elfinancierocr.com/finanzas/Deficit_fiscal-Hacienda-defiit_fiscal-costa_rica_0_212978723.html
http://www.elfinancierocr.com/finanzas/cooperativismo-solidarismo-sindicalismo-bancopopular_0_212978711.html
http://www.elfinancierocr.com/finanzas/carga-tributaria-sector-empresarial-impuestos-Gobierno_0_212978731.html
http://www.elfinancierocr.com/finanzas/Crecen-opiniones-negativas-labor-Gobierno_0_217178281.html
http://www.elfinancierocr.com/finanzas/Supen-calificara-operadoras-pensiones_0_212978740.html
http://www.elfinancierocr.com/finanzas/Tributacion-aclara-obligado-impuesto-solidario_0_212978725.html
http://www.elfinancierocr.com/finanzas/deficit_comercial-Costa_Rica-noviembre_0_212978726.html
http://www.elfinancierocr.com/finanzas/Banco-Central-preocupado-entrada-capitales_0_212378769.html
http://www.elfinancierocr.com/finanzas/INS-coloca-polizas_0_212378762.html
http://www.elfinancierocr.com/finanzas/Tasa-Basica-Pasiva-mantiene_0_211778830.html
http://www.elfinancierocr.com/finanzas/propietarios-vehiculos-pagado-marchamo_0_211778822.html
http://www.elfinancierocr.com/finanzas/Descensos-noviembre-hicieron-precios-combustibles_0_211178888.html
http://www.elfinancierocr.com/finanzas/tributacion-prorroga-declarar-impuesto-renta_0_211178885.html
http://www.elfinancierocr.com/finanzas/tributacion-amplio-plazo-declaracion-renta_0_210578949.html
http://www.elfinancierocr.com/finanzas/Sociedades-activas-deberan-pagar-impuesto_0_210578947.html
http://www.elfinancierocr.com/finanzas/contribuyentes-presentado-declaracion-renta_0_210578946.html
http://www.elfinancierocr.com/finanzas/2012-pena-gloria-economia_0_208179223.html
http://www.elfinancierocr.com/finanzas/deuda-externa-efecto_0_208179199.html
http://www.elfinancierocr.com/finanzas/cambian-estrategias-pensiones_0_208179200.html
http://www.elfinancierocr.com/finanzas/Central-modificar-Tasa-Basica-Pasiva_0_208179195.html
http://www.elfinancierocr.com/finanzas/Primas-seguros-personales-crecieron_0_208179183.html
http://www.elfinancierocr.com/finanzas/Deuda-tarjetas-credito-crecimiento_0_207579250.html
http://www.elfinancierocr.com/finanzas/IMAE-crecimiento_economico-octubre_0_207579253.html
http://www.elfinancierocr.com/finanzas/Fifco-recibe-visto-adquirir-NAB_0_207579247.html
http://www.elfinancierocr.com/finanzas/BCR-SAFI-Global-Park-Heredia_0_207579242.html
http://www.elfinancierocr.com/finanzas/Deficit-fiscal-PIB-Hacienda-noviembre_0_206979312.html
http://www.elfinancierocr.com/finanzas/Billetes-viejos-podran-utilizarse-diciembre_0_206979311.html
http://www.elfinancierocr.com/finanzas/Crece-pesimismo-comprar-casa_0_206979309.html
http://www.elfinancierocr.com/finanzas/Declaracion-renta-vence-lunes-diciembre_0_206379365.html
http://www.elfinancierocr.com/finanzas/adastra-captado_0_204579577.html
http://www.elfinancierocr.com/finanzas/expectativas-consumo-varadas_0_204579555.html
http://www.elfinancierocr.com/finanzas/reforma-deja-intacta-exoneraciones_0_204579565.html
http://www.elfinancierocr.com/finanzas/sobreviven-caida-inversion_0_204579566.html
http://www.elfinancierocr.com/finanzas/Dolar-Banco_Central-Monex_0_204579542.html
http://www.elfinancierocr.com/finanzas/Fitch_Ratings-Municipalidad_de_San_Jose-calificacion_0_204579548.html
http://www.elfinancierocr.com/finanzas/Recope-coloco-primera-emision-rendimiento_0_203379670.html
http://www.elfinancierocr.com/finanzas/Indice-precios-acerca-final-ano_0_202779722.html
http://www.elfinancierocr.com/finanzas/Expertos-nueva-tasa-basica-bajara_0_200379998.html
http://www.elfinancierocr.com/finanzas/Banco_Davivienda-Pedro_Uribe-Francisco_Coccaro-empresas_0_200379970.html
http://www.elfinancierocr.com/finanzas/Sala-Constitucional-apertura-seguros-obligatorios_0_200379978.html
http://www.elfinancierocr.com/finanzas/dolar-colon-Banco_Central-noviembre_0_200379965.html
http://www.elfinancierocr.com/finanzas/Tasa-Basica-Pasiva-bajara_0_199180081.html
http://www.elfinancierocr.com/finanzas/videochat-como-declarar-impuesto-renta-2012_0_199180092.html
http://www.elfinancierocr.com/finanzas/Sugef-prepara-herramienta-tramitar-reclamos-linea_0_199180082.html
http://www.elfinancierocr.com/finanzas/Cathay-crecimiento-credito-2013_0_199180083.html
http://www.elfinancierocr.com/finanzas/Primera-subasta-Recope-millones_0_198580146.html
http://www.elfinancierocr.com/finanzas/Davivienda-HSBC-cambio-imagen-sucursales_0_197980202.html
http://www.elfinancierocr.com/finanzas/Eurobonos-deuda_externa-Hacienda-bonos_0_196180441.html
http://www.elfinancierocr.com/finanzas/Eurobonos-mercado_internacional-deuda_externa-Ministerio_de_Hacienda_0_196180440.html
http://www.elfinancierocr.com/finanzas/EEUU-recesion-economia-Obama_0_196180442.html
http://www.elfinancierocr.com/finanzas/aguinaldo-productos_financieros_0_196180443.html
http://www.elfinancierocr.com/finanzas/Aumentan-presiones-baja-tipo-cambio_0_196180383.html
http://www.elfinancierocr.com/finanzas/Recursos-eurobonos-entraron-pais_0_194980510.html
http://www.elfinancierocr.com/finanzas/popular-pensiones-herramienta-calcular-monto-pension_0_194980503.html
http://www.elfinancierocr.com/finanzas/Sugeval-Mercado-Valores-registrar-localmente_0_194980509.html
http://www.elfinancierocr.com/finanzas/Tasa-Basica-Pasiva-mantiene_0_194980508.html
http://www.elfinancierocr.com/finanzas/tasas_de_interes-banco_central-BCCR_0_194380568.html
http://www.elfinancierocr.com/finanzas/HSBC-desaperecera-dar-paso-Davivienda_0_194380562.html
http://www.elfinancierocr.com/finanzas/Nuevos-eurobonos-subieron-mercado-secundario_0_193780628.html
http://www.elfinancierocr.com/finanzas/Banco-Central-pretende-volatilidad-metodologia_0_193780627.html
http://www.elfinancierocr.com/finanzas/deficit-fiscal-Costa_Rica-UNA_0_193780624.html
http://www.elfinancierocr.com/finanzas/Credito-digitos-desaceleracion-producto-crisis_0_193780625.html
http://www.elfinancierocr.com/finanzas/liberman-tasas-bajaran_0_191980816.html
http://www.elfinancierocr.com/finanzas/reservas-poco-diversificadas_0_191980817.html
http://www.elfinancierocr.com/finanzas/recompras-siguen-tibias_0_191980833.html
http://www.elfinancierocr.com/finanzas/supervision-riesgo-llegara_0_191980834.html
http://www.elfinancierocr.com/finanzas/Tasa-nuevos-eurobonos-sorpresas-mercado_0_191980805.html
http://www.elfinancierocr.com/finanzas/tipo_de_cambio-colon-dolar-moneda_0_191980804.html
http://www.elfinancierocr.com/finanzas/Incoformes-marchamo-presentar-actualizacion-vehiculo_0_191980802.html
http://www.elfinancierocr.com/finanzas/Eurobonos-salen-mercado_0_191980801.html
http://www.elfinancierocr.com/finanzas/bancos-sistema_financiero-banco-perspectivas_2013_0_191380868.html
http://www.elfinancierocr.com/finanzas/Firma-europea-quiere-Ad-Astra_0_191380861.html
http://www.elfinancierocr.com/finanzas/Banco-Central-estudiara-metodologia-calculo_0_190780928.html
http://www.elfinancierocr.com/finanzas/TBP-tasas-bancos-reduccion_0_190780923.html
http://www.elfinancierocr.com/finanzas/Nuevo-instrumento-financiera-facilitara-vivienda_0_190180986.html
http://www.elfinancierocr.com/finanzas/Autoridades-Hacienda-presentan-mercado-internacional_0_190180987.html
http://www.elfinancierocr.com/finanzas/Arranco-cobro-marchamo_0_189581050.html
http://www.elfinancierocr.com/finanzas/Tribunal-cautelar-evitar-prestamo-subiendo_0_189581042.html
http://www.elfinancierocr.com/finanzas/banca-inversion-rendira-cuentas_0_187781253.html
http://www.elfinancierocr.com/finanzas/empresarios-menos-optimistas_0_187781242.html
http://www.elfinancierocr.com/finanzas/competencia-seguros-tibia_0_187781254.html
http://www.elfinancierocr.com/finanzas/Crecimiento-sigue-desacelerado-setiembre_0_187781232.html
http://www.elfinancierocr.com/finanzas/Tipo-cambio-retoma-apreciacion_0_187781226.html
http://www.elfinancierocr.com/finanzas/Deficit-fiscal-octubre-cierra_0_187781223.html
http://www.elfinancierocr.com/finanzas/Aumento-promedio-marchamo-2012_0_187781221.html
http://www.elfinancierocr.com/finanzas/Sugeval-multa-Popular-Valores-millones_0_187181288.html
http://www.elfinancierocr.com/finanzas/Vida-Plena-cobrara-administrar-pension_0_187181282.html
http://www.elfinancierocr.com/finanzas/Tasa-Basica-Pasiva_0_186581346.html
http://www.elfinancierocr.com/finanzas/IPPI-precios-inflacion-productor-industrial_0_186581347.html
http://www.elfinancierocr.com/finanzas/Precio-gasolina-super-llega-nivel_0_185981411.html
http://www.elfinancierocr.com/finanzas/Tomas-Soley-nuevo-superintendente-Seguros_0_185981416.html
http://www.elfinancierocr.com/finanzas/Banco-Mundial-Gobierno-cancelar-CCSS_0_185981414.html
http://www.elfinancierocr.com/finanzas/pensiones-Supen-INS_Pensiones-BCR_Pensiones_0_185381467.html
http://www.elfinancierocr.com/finanzas/mas-recursos-emprendedores_0_183581653.html
http://www.elfinancierocr.com/finanzas/Banco_Nacional-fernando_Naranjo-Internacionalizacion_0_183581654.html
http://www.elfinancierocr.com/finanzas/consumidor-ICC-confianza_0_183581678.html
http://www.elfinancierocr.com/finanzas/Colon-dolar-tipo_de_cambio_0_183581645.html
http://www.elfinancierocr.com/finanzas/IPC-precios-octubre-inflacion_0_183581642.html
http://www.elfinancierocr.com/finanzas/Banco-CMB-Citibank-finalmente-fusionan_0_183581641.html
http://www.elfinancierocr.com/finanzas/tipo-cambio-subio-dolar_0_182381767.html
http://www.elfinancierocr.com/finanzas/Tasa-Basica-mantiene_0_182381765.html
http://www.elfinancierocr.com/finanzas/Sicere-vigencia-lineamientos-operadora-pensiones_0_181781832.html
http://www.elfinancierocr.com/finanzas/Directivos-bancos_publicos-explicaciones-aumento-tasas_0_181181889.html
http://www.elfinancierocr.com/finanzas/finanzas-TBP-Laura_Chinchillas-bancos_publicos_0_181181887.html
http://www.elfinancierocr.com/finanzas/Hacienda-tasas_de_interes-bonos-captacion_0_179382078.html
http://www.elfinancierocr.com/finanzas/pais-exhibira-eurobonos_0_179382061.html
http://www.elfinancierocr.com/finanzas/crece-consumo-bienes-finales_0_179382080.html
http://www.elfinancierocr.com/finanzas/Bicsa-presta-14-paises_0_179382081.html
http://www.elfinancierocr.com/finanzas/Tipo_de_cambio-colon_dolar_0_179382079.html
http://www.elfinancierocr.com/finanzas/Cerveceria-aleja-mapa-plan-diversificacion_0_179382072.html
http://www.elfinancierocr.com/finanzas/pincipales-mundiales-calificadoras-valoraran-eurobonos_0_179382063.html
http://www.elfinancierocr.com/finanzas/UCR-basica-emision-parcial-eurobonos_0_178782124.html
http://www.elfinancierocr.com/finanzas/crecimiento-desigual-economia-afecta-empleo_0_178782122.html
http://www.elfinancierocr.com/finanzas/BCR-adquiere-acciones-INS-Pensiones_0_178182185.html
http://www.elfinancierocr.com/finanzas/Tasa-Basica-Pasiva-bajara_0_178182184.html
http://www.elfinancierocr.com/finanzas/Bancocentral-inflacion-credibilidad_0_175182490.html
http://www.elfinancierocr.com/finanzas/supervision-financiamiento-BancoCentral-superintendencia_0_175182504.html
http://www.elfinancierocr.com/tecnologia/facturaelectronica-fases-hacienda_0_175182506.html
http://www.elfinancierocr.com/finanzas/sigue-incrementado-intervencion-cambairia_0_175182494.html
http://www.elfinancierocr.com/finanzas/Hacienda-preve-deficit-fiscal-menor_0_175182485.html
http://www.elfinancierocr.com/finanzas/eurobonos-deuda-Costa_Rica_0_175182482.html
http://www.elfinancierocr.com/finanzas/Tasa_Basica_Pasiva-tasas_0_173982609.html
http://www.elfinancierocr.com/finanzas/Banco_Popular-asamblea_de_trabajadores_0_173982608.html
http://www.elfinancierocr.com/finanzas/bandas-cambiarias-inflacion-baja_0_170982912.html
http://www.elfinancierocr.com/finanzas/gobierno-seca-fuente-dolares_0_170982916.html
http://www.elfinancierocr.com/finanzas/oeste-pesa-mas-para-safis_0_170982917.html
http://www.elfinancierocr.com/finanzas/bancredito-mira-mipymes_0_170982918.html
http://www.elfinancierocr.com/finanzas/dolar-semana-piso-banda_0_170982906.html
http://www.elfinancierocr.com/finanzas/Economia-desacelera-IMAE-agosto_0_170382973.html
http://www.elfinancierocr.com/finanzas/Cathay-engrosa-corresponsales-Deutsche-Bank_0_170382970.html
http://www.elfinancierocr.com/finanzas/asegurados-ins-recibiran-atencion-nuevo-hospital_0_170382965.html
http://www.elfinancierocr.com/finanzas/bancos-interesaron-estructurar-nuevos-eurobonos_0_169783030.html
http://www.elfinancierocr.com/finanzas/Tasa-Basica-Pasiva-baja_0_169783027.html
http://www.elfinancierocr.com/finanzas/FMI-crecimiento-economico-Costa_Rica_0_169183083.html
http://www.elfinancierocr.com/finanzas/cambian-reglas-traslado-operadora-pensiones_0_166783334.html
http://www.elfinancierocr.com/finanzas/Exportaciones-tipo_de_cambio-colon-apreciacion_0_166783361.html
http://www.elfinancierocr.com/finanzas/bonos-deuda-mercado_secundario_0_166783353.html
http://www.elfinancierocr.com/finanzas/ICC-confianza-economia-consumidores_0_166783354.html
http://www.elfinancierocr.com/finanzas/hechos_relvantes-emisores_0_166783356.html
http://www.elfinancierocr.com/finanzas/Javier_cascante-Sugef-supervision_0_166783362.html
http://www.elfinancierocr.com/finanzas/Tipo-cambio-sigue-piso_0_166783324.html
http://www.elfinancierocr.com/finanzas/Reporte-BID_0_166183382.html
http://www.elfinancierocr.com/finanzas/Francisco-Lay-autoridades-controlar-superintendecia_0_165583451.html
http://www.elfinancierocr.com/finanzas/Tasa_Basica_Pasiva-nivel-maximo-11_0_165583450.html
http://www.elfinancierocr.com/finanzas/Sicere-lineamientos-traslado-operadoras-pensiones_0_165583441.html
http://www.elfinancierocr.com/finanzas/Deuda-costarricenses-tarjetas-crece-millones_0_165583442.html
http://www.elfinancierocr.com/finanzas/Hacienda-conocer-contratar-estructurador-eurobonos_0_164383562.html
http://www.elfinancierocr.com/finanzas/ccss-deuda-crisis_0_164983506.html
http://www.elfinancierocr.com/finanzas/Inflacion-acumulada-setiembre-IPC-2012_0_164983504.html
http://www.elfinancierocr.com/finanzas/cae-proyeccion-crecimiento-America_Latina-Costa_Rica_0_164983501.html
http://www.elfinancierocr.com/finanzas/Conassif-Javier-Cascante-superintendente-bancos_0_164383573.html
http://www.elfinancierocr.com/finanzas/Banhvi-aprobo-aumento-bono-vivienda_0_164383571.html
http://www.elfinancierocr.com/finanzas/Gobierno-duplicara-contrataciones-presupuesto_0_164383565.html
http://www.elfinancierocr.com/finanzas/ranking-grupos_financieros-bancos-credito-ganancias-utilidades_0_162583759.html
http://www.elfinancierocr.com/finanzas/seguros-primas-personales-sugese-vida_0_162583762.html
http://www.elfinancierocr.com/finanzas/OPC-pensiones-fondos_de_pension-operadoras_0_162583768.html
http://www.elfinancierocr.com/finanzas/balanza_de_pagos-inversion_extranjera_0_162583746.html
http://www.elfinancierocr.com/finanzas/PIB-segundo_trimestre-Banco_Central_0_162583753.html
http://www.elfinancierocr.com/finanzas/Setiembre-termina-tipo-cambio-postrado_0_162583744.html
http://www.elfinancierocr.com/finanzas/Banco-Nacional-anuncia-avances-estrategico_0_162583742.html
http://www.elfinancierocr.com/finanzas/Hacienda-selecciono-Arnold-Porter-eurobonos_0_161983812.html
http://www.elfinancierocr.com/finanzas/Tasa_Basica_Pasiva-nivel-BCCR-intereses-tasa_0_161383871.html
http://www.elfinancierocr.com/finanzas/Hacienda-escoge-asesores-legales-eurobos_0_160783927.html
http://www.elfinancierocr.com/finanzas/BCR-amplia-cobro-impuestos_0_160783924.html
http://www.elfinancierocr.com/finanzas/mercado_de_valores-asesores-inversiones_0_158384195.html
http://www.elfinancierocr.com/finanzas/ICE-resultados_financieros-emision-mercado_de_valores_0_158384196.html
http://www.elfinancierocr.com/finanzas/Tipo-cambio-cumple-meses-piso_0_158384180.html
http://www.elfinancierocr.com/finanzas/costarricenses-impuestos-gastan-actos-corrupcion_0_158384171.html
http://www.elfinancierocr.com/finanzas/Comercio-exterior-recupera-dinamismo_0_158384168.html
http://www.elfinancierocr.com/finanzas/Tasa_Basica_Pasiva-Banco_Central-BCCR-intereses-aumento_0_157184288.html
http://www.elfinancierocr.com/finanzas/Hacienda-asesores-proceso-eurobonos_0_156584345.html
http://www.elfinancierocr.com/finanzas/participantes-Jose_Luis_Arce-Conassif-presidente-mercado_de_valores_0_155984410.html
http://www.elfinancierocr.com/finanzas/Conassif-ve-cambio-supervision_0_155984409.html
http://www.elfinancierocr.com/finanzas/Tasa-real-empieza-alarmar_0_154184598.html
http://www.elfinancierocr.com/finanzas/Mercado-reacciona-eurobonos_0_154184602.html
http://www.elfinancierocr.com/finanzas/Francisco_Lay-Sugef-diferencias-Conassif_0_154184614.html
http://www.elfinancierocr.com/finanzas/Superintendente-Valores-acciones-planes-Sugeval_0_154184588.html
http://www.elfinancierocr.com/finanzas/tipo_de_cambio-dolar-colon-Monex_0_154184599.html
http://www.elfinancierocr.com/finanzas/Bancredito-credito-financiamiento-pequeno-empresarios_0_154184581.html
http://www.elfinancierocr.com/finanzas/Tasa_Basica_Pasiva-vuelve-subir-10-5_0_152984708.html
http://www.elfinancierocr.com/finanzas/IMAE-actividad_economica_0_152384766.html
http://www.elfinancierocr.com/finanzas/consejos-finanzas-sitios_web_0_152384767.html
http://www.elfinancierocr.com/finanzas/Precio-combustibles-indice-agosto-variacion_0_151784823.html
http://www.elfinancierocr.com/finanzas/OPC-invierten-millones-mesesb_0_149985022.html
http://www.elfinancierocr.com/finanzas/Confianza-aleja-mejoria_0_149985036.html
http://www.elfinancierocr.com/finanzas/Hechos_Relevantes_0_149985038.html
http://www.elfinancierocr.com/finanzas/Gobierno-amarro-salarios_0_149985019.html
http://www.elfinancierocr.com/finanzas/dolar-colon-Banco_Central-Monex_0_149985020.html
http://www.elfinancierocr.com/finanzas/Recope-valores-financiar-instalaciones-Moin_0_149985008.html
http://www.elfinancierocr.com/finanzas/baja-desempleo-descienden-contrataciones-estados_unidos_0_149985007.html
http://www.elfinancierocr.com/finanzas/Conassif-BCCR-presidente-Jose_Luis_Arce-regulacion_0_149385062.html
http://www.elfinancierocr.com/finanzas/Banco-Central-opero-sitio-contingente_0_148785136.html
http://www.elfinancierocr.com/finanzas/Descenso-Tasa_Basica_Pasiva-bancos-BCCR-Hacienda_0_148785128.html
http://www.elfinancierocr.com/finanzas/bancos-sismo-sucursales-cierre_0_148785126.html
http://www.elfinancierocr.com/finanzas/terremoto-Costa_Rica-BNV-bolsa-mercado_0_148785124.html
http://www.elfinancierocr.com/finanzas/IPC-precios-inflacion_0_148185185.html
http://www.elfinancierocr.com/finanzas/credito-bancario_0_147585252.html
http://www.elfinancierocr.com/finanzas/Facebook-tento-mercado-local_0_145785437.html
http://www.elfinancierocr.com/finanzas/Tasa-preve-nuevos-eurobonos_0_145785438.html
http://www.elfinancierocr.com/finanzas/Bonos-locales_0_145785439.html
http://www.elfinancierocr.com/finanzas/apetito-nueva-emision_0_145785440.html
http://www.elfinancierocr.com/finanzas/bIncertidumbre-gasto-estatal_0_145785448.html
http://www.elfinancierocr.com/finanzas/Agosto-cierra-tipo-cambio_0_145785425.html
http://www.elfinancierocr.com/finanzas/estudiantes-secundaria-participaran-campeonato-bursatil_0_145785428.html
http://www.elfinancierocr.com/finanzas/Banca-mejores-ofertas-crediticias-Expoconstruccion_0_144585545.html
http://www.elfinancierocr.com/finanzas/tasa_basica-aumento-bccr-tasas_altas_0_144585543.html
http://www.elfinancierocr.com/finanzas/Incertidumbre-estanca-confianza-consumidores_0_144585547.html
http://www.elfinancierocr.com/finanzas/Banca_para_el_Desarrollo-BCR-fideicomiso_0_144585541.html
http://www.elfinancierocr.com/finanzas/Presidente-Conassif-dejara-cargo-agosto_0_143385673.html
http://www.elfinancierocr.com/finanzas/Banco-billetes-nuevos_0_143385674.html
http://www.elfinancierocr.com/finanzas/bancos-gasto-control_0_143385666.html
http://www.elfinancierocr.com/finanzas/Presupuestos-acotados_0_141585870.html
http://www.elfinancierocr.com/finanzas/Suben-pagos-seguros-vida_0_141585871.html
http://www.elfinancierocr.com/finanzas/adiccion-bancos-centrales_0_141585872.html
http://www.elfinancierocr.com/finanzas/Emisores-registran-ingresos-timidos_0_141585873.html
http://www.elfinancierocr.com/finanzas/tipo_de_cambio-colon-dolar_0_141585860.html
http://www.elfinancierocr.com/finanzas/Emision-deuda-externa-vendida-noviembre_0_141585841.html
http://www.elfinancierocr.com/finanzas/Aprueban-proyecto-Ley-Eurobonos-segundo_0_141585844.html
http://www.elfinancierocr.com/finanzas/Costa-Rica-estrenara-billetes-proximo_0_141585843.html
http://www.elfinancierocr.com/finanzas/Preven-poca-circulacion-billetes_0_141585842.html
http://www.elfinancierocr.com/finanzas/Banco-Lafise-incursiona-pago-planillas_0_140985952.html
http://www.elfinancierocr.com/finanzas/Banco-Mundial-propone-mercado-valores_0_140985955.html
http://www.elfinancierocr.com/finanzas/Tasa-Basica-Pasiva-bajara_0_140985958.html
http://www.elfinancierocr.com/finanzas/Deficit-comercial-decrece-julio_0_140985943.html
http://www.elfinancierocr.com/finanzas/Bde20-navega-aguas-calmas_0_140986000.html
http://www.elfinancierocr.com/finanzas/Pensiones-toman-respiro-julio_0_140985996.html
http://www.elfinancierocr.com/finanzas/Inversion-colones-sigue-atractiva_0_140985949.html
http://www.elfinancierocr.com/finanzas/Tipo-cambio-despego-piso_0_140985919.html
http://www.elfinancierocr.com/finanzas/Consumidores-dispuestos-comprar-carro-electrodomesticos_0_140985927.html
http://www.elfinancierocr.com/finanzas/Seguros-crecen-impulsados-primas-personales_0_140985917.html
http://www.elfinancierocr.com/finanzas/Hacienda-pretende-captar-billones_0_140985909.html
http://www.elfinancierocr.com/finanzas/Tasa-Basica-Pasiva-semanas_0_140985912.html
http://www.elfinancierocr.com/finanzas/Gobierno-reduce-gastos-ganar-confianza_0_140985903.html
http://www.elfinancierocr.com/finanzas/Banco-Central-suelta-faja_0_140985977.html
http://www.elfinancierocr.com/finanzas/suficiente-inversion-extranjera_0_140985978.html
http://www.elfinancierocr.com/finanzas/Cae-confianza-ingreso_0_140985976.html
http://www.elfinancierocr.com/finanzas/Aseguradoras-cubren-bonos-publicos_0_140985980.html
<a class="page" href="/economia-y-politica/?page=76">76</a>
http://www.elfinancierocr.com/economia-y-politica/becas-estudiantes-universidades-EE-UU_0_281971810.html
http://www.elfinancierocr.com/economia-y-politica/Laura_Chinchilla-Mitofsky_0_281971811.html
http://www.elfinancierocr.com/economia-y-politica/Gobierno-Colombia-toma-medidas-revaluacion_0_281971807.html
http://www.elfinancierocr.com/economia-y-politica/China-crecimiento_economico-inflacion-monedas_0_281971802.html
http://www.elfinancierocr.com/economia-y-politica/Nicolas-Maduro-gobernara-Venezuela-Henrique_Capriles_0_281371862.html
http://www.elfinancierocr.com/economia-y-politica/Ranking_PWC-pago_de_impuestos_0_280172013.html
http://www.elfinancierocr.com/economia-y-politica/exportaciones-crecimiento-Costa_Rica-BID-Procomer_0_280172014.html
http://www.elfinancierocr.com/economia-y-politica/Cadexco-Uccaep_0_280172015.html
http://www.elfinancierocr.com/economia-y-politica/Legales-Alonso_Ramirez-ciberespacio_2020_0_280172017.html
http://www.elfinancierocr.com/economia-y-politica/Columna_Tributaria-Ana_Elena_Carazo-nulidad_de_procedimiento-tribunal_fiscal_administrativo_0_280172016.html
Traceback (most recent call last):
  File "sp_elfinance_ingest.py", line 134, in <module>
    main()    
  File "sp_elfinance_ingest.py", line 131, in main
    get_category_news(ca, seen_it)
  File "sp_elfinance_ingest.py", line 113, in get_category_news
    with open("%selfinancierocr_%s_%s.txt" % (arg.o, category, str(x + 1)), 'w') as w:
NameError: global name 'arg' is not defined
<a class="page" href="/finanzas/?page=50">50</a>
http://www.elfinancierocr.com/finanzas/Rodrigo_Bolanos-IPC-inflacion-economia-BCCR_0_281971804.html
http://www.elfinancierocr.com/finanzas/Rodrigo_Bolanos-BCCR-Sugef-obligaciones_con_entidades_financieras_del_exterior-banca_publica-banca_privada_0_280172005.html
http://www.elfinancierocr.com/finanzas/Fondos_de_pensiones-pensiones_voluntarias-Supen-operadoras_de_pensiones_0_280172006.html
http://www.elfinancierocr.com/finanzas/BCCR-PIB-CAmbio_de_Ano_Base-Ministerio_de_Hacienda-INEC_0_280172007.html
http://www.elfinancierocr.com/finanzas/evasion_fiscal-Europa-Union_Europea_0_280771921.html
http://www.elfinancierocr.com/finanzas/ICE-utilidades-ganancias-telefonia-electricidad-emisores_0_280171992.html
http://www.elfinancierocr.com/finanzas/Evertec-bolsa-ATH-cajeros_automaticos-transacciones_electronicas_0_280171989.html
http://www.elfinancierocr.com/finanzas/rescate-Chipre-Irlanda-Portugal-Eurogrupo_0_280171986.html
http://www.elfinancierocr.com/finanzas/deficit_fiscal-Hacienda-gastos-ingresos_0_280171985.html
http://www.elfinancierocr.com/finanzas/IMAE-BCCR-actividad_economica_0_278972116.html
Traceback (most recent call last):
  File "sp_elfinance_ingest.py", line 134, in <module>
    main()    
  File "sp_elfinance_ingest.py", line 131, in main
    get_category_news(ca, seen_it)
  File "sp_elfinance_ingest.py", line 113, in get_category_news
    with open("%selfinancierocr_%s_%s.txt" % (arg.o, category, str(x + 1)), 'w') as w:
NameError: global name 'arg' is not defined
